2023-03-16 08:47:21.419 INFO  c.j.JavaCoffee.JavaCoffeeApplication - Starting JavaCoffeeApplication using Java 17.0.6 on LAPTOP-UITGDS1O with PID 7364 (C:\Users\farah_a3\Downloads\Alyasari_Farah_JavaCoffee_CaseStudy\JavaCoffee\target\classes started by farah_a3 in C:\Users\farah_a3\Downloads\Alyasari_Farah_JavaCoffee_CaseStudy\JavaCoffee)
2023-03-16 08:47:21.523 INFO  c.j.JavaCoffee.JavaCoffeeApplication - No active profile set, falling back to 1 default profile: "default"
2023-03-16 08:47:45.078 INFO  c.j.JavaCoffee.JavaCoffeeApplication - Started JavaCoffeeApplication in 26.141 seconds (JVM running for 29.769)
2023-03-16 08:47:45.546 INFO  c.j.J.s.controller.UserController - Login page displayed
2023-03-16 08:47:47.732 INFO  c.j.J.s.controller.UserController - Login page displayed
2023-03-16 08:47:50.175 INFO  c.j.J.s.controller.UserController - Login page displayed
2023-03-16 08:47:57.594 INFO  c.j.J.s.controller.UserController - Login page displayed
2023-03-16 08:48:03.717 INFO  c.j.J.s.controller.UserController - Login page displayed
2023-03-16 08:49:48.127 INFO  c.j.JavaCoffee.JavaCoffeeApplication - Starting JavaCoffeeApplication using Java 17.0.6 on LAPTOP-UITGDS1O with PID 9444 (C:\Users\farah_a3\Downloads\Alyasari_Farah_JavaCoffee_CaseStudy\JavaCoffee\target\classes started by farah_a3 in C:\Users\farah_a3\Downloads\Alyasari_Farah_JavaCoffee_CaseStudy\JavaCoffee)
2023-03-16 08:49:48.130 INFO  c.j.JavaCoffee.JavaCoffeeApplication - No active profile set, falling back to 1 default profile: "default"
2023-03-16 08:50:13.649 INFO  c.j.JavaCoffee.JavaCoffeeApplication - Started JavaCoffeeApplication in 28.086 seconds (JVM running for 31.16)
2023-03-16 08:53:44.393 INFO  c.j.J.s.controller.UserController - Login page displayed
2023-03-16 08:55:54.569 INFO  c.j.J.s.controller.UserController - Login page displayed
2023-03-16 08:55:54.717 INFO  c.j.J.s.controller.UserController - Login page displayed
2023-03-16 08:57:41.923 INFO  c.j.J.a.service.JobServiceImpl - a new job application was saved
2023-03-16 08:57:57.861 INFO  c.j.J.s.controller.UserController - Login page displayed
2023-03-16 08:57:57.971 INFO  c.j.J.s.controller.UserController - Login page displayed
2023-03-16 09:00:01.630 INFO  c.j.J.s.controller.UserController - Login page displayed
2023-03-16 09:00:01.717 INFO  c.j.J.s.controller.UserController - Login page displayed
2023-03-16 11:38:46.738 INFO  c.j.J.s.controller.UserController - Login page displayed
2023-03-16 11:38:46.819 INFO  c.j.J.s.controller.UserController - Login page displayed
