2023-03-15 07:46:37.621 INFO  c.j.J.s.controller.UserController - Login page displayed
2023-03-15 07:46:38.105 INFO  c.j.J.s.controller.UserController - Login page displayed
2023-03-15 07:50:40.395 INFO  c.j.J.s.controller.UserController - Login page displayed
2023-03-15 07:50:40.500 INFO  c.j.J.s.controller.UserController - Login page displayed
2023-03-15 07:51:12.511 INFO  c.j.JavaCoffee.JavaCoffeeApplication - Starting JavaCoffeeApplication using Java 17.0.6 on LAPTOP-UITGDS1O with PID 15408 (C:\Users\farah_a3\Downloads\Alyasari_Farah_JavaCoffee_CaseStudy\JavaCoffee\target\classes started by farah_a3 in C:\Users\farah_a3\Downloads\Alyasari_Farah_JavaCoffee_CaseStudy\JavaCoffee)
2023-03-15 07:51:12.514 INFO  c.j.JavaCoffee.JavaCoffeeApplication - No active profile set, falling back to 1 default profile: "default"
2023-03-15 07:51:36.110 INFO  c.j.JavaCoffee.JavaCoffeeApplication - Started JavaCoffeeApplication in 25.955 seconds (JVM running for 28.869)
2023-03-15 07:54:48.280 INFO  c.j.J.s.controller.UserController - Login page displayed
2023-03-15 07:54:49.611 INFO  c.j.J.s.controller.UserController - Login page displayed
2023-03-15 10:00:03.387 INFO  c.j.J.a.service.JobServiceImpl - a new job application was saved
2023-03-15 10:00:19.834 INFO  c.j.J.s.controller.UserController - Login page displayed
2023-03-15 10:00:19.949 INFO  c.j.J.s.controller.UserController - Login page displayed
2023-03-15 10:01:34.003 INFO  c.j.J.a.service.ItemServiceImpl - an item was updated with id: 35
2023-03-15 10:01:42.599 INFO  c.j.J.s.controller.UserController - Login page displayed
2023-03-15 10:01:42.708 INFO  c.j.J.s.controller.UserController - Login page displayed
2023-03-15 10:01:43.973 INFO  c.j.J.s.controller.UserController - Login page displayed
2023-03-15 10:01:52.003 INFO  c.j.J.s.controller.UserController - Login page displayed
2023-03-15 10:01:52.136 INFO  c.j.J.s.controller.UserController - Login page displayed
2023-03-15 10:03:20.575 INFO  c.j.J.s.controller.UserController - Login page displayed
2023-03-15 10:03:20.734 INFO  c.j.J.s.controller.UserController - Login page displayed
2023-03-15 13:15:15.690 INFO  c.j.J.s.controller.UserController - Login page displayed
2023-03-15 13:15:32.719 INFO  c.j.J.s.controller.UserController - Login page displayed
